<?xml version="1.0" encoding="UTF-8"?>
<coverage generated="1788176419461" clover="3.2.0">
  <project timestamp="1788176419461" name="All files">
    <metrics statements="19" coveredstatements="19" conditionals="5" coveredconditionals="4" methods="5" coveredmethods="5" elements="29" coveredelements="28" complexity="0" loc="19" ncloc="19" packages="1" files="4" classes="4"/>
    <file name="debounce.js" path="/home/sona.kajal/Training/Week4/Day3/Task-2/debounce.js">
      <metrics statements="5" coveredstatements="5" conditionals="0" coveredconditionals="0" methods="3" coveredmethods="3"/>
      <line num="4" count="2" type="stmt"/>
      <line num="5" count="3" type="stmt"/>
      <line num="7" count="3" type="stmt"/>
      <line num="8" count="2" type="stmt"/>
      <line num="12" count="1" type="stmt"/>
    </file>
    <file name="events.js" path="/home/sona.kajal/Training/Week4/Day3/Task-2/events.js">
      <metrics statements="3" coveredstatements="3" conditionals="0" coveredconditionals="0" methods="0" coveredmethods="0"/>
      <line num="1" count="1" type="stmt"/>
      <line num="3" count="1" type="stmt"/>
      <line num="5" count="1" type="stmt"/>
    </file>
    <file name="fetchJSON.js" path="/home/sona.kajal/Training/Week4/Day3/Task-2/fetchJSON.js">
      <metrics statements="5" coveredstatements="5" conditionals="2" coveredconditionals="2" methods="1" coveredmethods="1"/>
      <line num="2" count="3" type="stmt"/>
      <line num="4" count="2" type="cond" truecount="2" falsecount="0"/>
      <line num="5" count="1" type="stmt"/>
      <line num="8" count="1" type="stmt"/>
      <line num="11" count="1" type="stmt"/>
    </file>
    <file name="retry.js" path="/home/sona.kajal/Training/Week4/Day3/Task-2/retry.js">
      <metrics statements="6" coveredstatements="6" conditionals="3" coveredconditionals="2" methods="1" coveredmethods="1"/>
      <line num="2" count="2" type="stmt"/>
      <line num="3" count="2" type="stmt"/>
      <line num="5" count="2" type="cond" truecount="2" falsecount="0"/>
      <line num="6" count="1" type="stmt"/>
      <line num="9" count="1" type="stmt"/>
      <line num="13" count="1" type="stmt"/>
    </file>
  </project>
</coverage>
