{"/home/sona.kajal/Training/Week4/Day3/Task-2/debounce.js": {"path":"/home/sona.kajal/Training/Week4/Day3/Task-2/debounce.js","statementMap":{"0":{"start":{"line":4,"column":4},"end":{"line":10,"column":6}},"1":{"start":{"line":5,"column":8},"end":{"line":5,"column":28}},"2":{"start":{"line":7,"column":8},"end":{"line":9,"column":17}},"3":{"start":{"line":8,"column":12},"end":{"line":8,"column":30}},"4":{"start":{"line":12,"column":0},"end":{"line":12,"column":25}}},"fnMap":{"0":{"name":"debounce","decl":{"start":{"line":1,"column":9},"end":{"line":1,"column":17}},"loc":{"start":{"line":1,"column":35},"end":{"line":11,"column":1}},"line":1},"1":{"name":"(anonymous_1)","decl":{"start":{"line":4,"column":11},"end":{"line":4,"column":12}},"loc":{"start":{"line":4,"column":28},"end":{"line":10,"column":5}},"line":4},"2":{"name":"(anonymous_2)","decl":{"start":{"line":7,"column":25},"end":{"line":7,"column":26}},"loc":{"start":{"line":7,"column":29},"end":{"line":9,"column":9}},"line":7}},"branchMap":{},"s":{"0":2,"1":3,"2":3,"3":2,"4":1},"f":{"0":2,"1":3,"2":2},"b":{},"_coverageSchema":"1a1c01bbd47fc00a2c39e90264f33305004495a9","hash":"0f0369268b5c3b8207f717541f25271ddf061610"}
,"/home/sona.kajal/Training/Week4/Day3/Task-2/events.js": {"path":"/home/sona.kajal/Training/Week4/Day3/Task-2/events.js","statementMap":{"0":{"start":{"line":1,"column":21},"end":{"line":1,"column":38}},"1":{"start":{"line":3,"column":16},"end":{"line":3,"column":34}},"2":{"start":{"line":5,"column":0},"end":{"line":5,"column":25}}},"fnMap":{},"branchMap":{},"s":{"0":1,"1":1,"2":1},"f":{},"b":{},"_coverageSchema":"1a1c01bbd47fc00a2c39e90264f33305004495a9","hash":"cbde3b699569c2077c499b57deb817a4ae7f3f3e"}
,"/home/sona.kajal/Training/Week4/Day3/Task-2/fetchJSON.js": {"path":"/home/sona.kajal/Training/Week4/Day3/Task-2/fetchJSON.js","statementMap":{"0":{"start":{"line":2,"column":19},"end":{"line":2,"column":35}},"1":{"start":{"line":4,"column":2},"end":{"line":6,"column":3}},"2":{"start":{"line":5,"column":4},"end":{"line":5,"column":54}},"3":{"start":{"line":8,"column":2},"end":{"line":8,"column":25}},"4":{"start":{"line":11,"column":0},"end":{"line":11,"column":27}}},"fnMap":{"0":{"name":"fetchJSON","decl":{"start":{"line":1,"column":15},"end":{"line":1,"column":24}},"loc":{"start":{"line":1,"column":30},"end":{"line":9,"column":1}},"line":1}},"branchMap":{"0":{"loc":{"start":{"line":4,"column":2},"end":{"line":6,"column":3}},"type":"if","locations":[{"start":{"line":4,"column":2},"end":{"line":6,"column":3}},{"start":{},"end":{}}],"line":4}},"s":{"0":3,"1":2,"2":1,"3":1,"4":1},"f":{"0":3},"b":{"0":[1,1]},"_coverageSchema":"1a1c01bbd47fc00a2c39e90264f33305004495a9","hash":"84e25e8bb0fcc934e63844c65c6bea2dda641fe4"}
,"/home/sona.kajal/Training/Week4/Day3/Task-2/retry.js": {"path":"/home/sona.kajal/Training/Week4/Day3/Task-2/retry.js","statementMap":{"0":{"start":{"line":2,"column":2},"end":{"line":10,"column":3}},"1":{"start":{"line":3,"column":4},"end":{"line":3,"column":33}},"2":{"start":{"line":5,"column":4},"end":{"line":7,"column":5}},"3":{"start":{"line":6,"column":6},"end":{"line":6,"column":56}},"4":{"start":{"line":9,"column":4},"end":{"line":9,"column":16}},"5":{"start":{"line":13,"column":0},"end":{"line":13,"column":32}}},"fnMap":{"0":{"name":"fetchWithRetry","decl":{"start":{"line":1,"column":15},"end":{"line":1,"column":29}},"loc":{"start":{"line":1,"column":58},"end":{"line":11,"column":1}},"line":1}},"branchMap":{"0":{"loc":{"start":{"line":1,"column":45},"end":{"line":1,"column":56}},"type":"default-arg","locations":[{"start":{"line":1,"column":55},"end":{"line":1,"column":56}}],"line":1},"1":{"loc":{"start":{"line":5,"column":4},"end":{"line":7,"column":5}},"type":"if","locations":[{"start":{"line":5,"column":4},"end":{"line":7,"column":5}},{"start":{},"end":{}}],"line":5}},"s":{"0":2,"1":2,"2":2,"3":1,"4":1,"5":1},"f":{"0":2},"b":{"0":[0],"1":[1,1]},"_coverageSchema":"1a1c01bbd47fc00a2c39e90264f33305004495a9","hash":"adbaa19cf7a2fbeae73483691e4ca3cbc2405160"}
}
