TN:
SF:debounce.js
FN:1,debounce
FN:4,(anonymous_1)
FN:7,(anonymous_2)
FNF:3
FNH:3
FNDA:2,debounce
FNDA:3,(anonymous_1)
FNDA:2,(anonymous_2)
DA:4,2
DA:5,3
DA:7,3
DA:8,2
DA:12,1
LF:5
LH:5
BRF:0
BRH:0
end_of_record
TN:
SF:events.js
FNF:0
FNH:0
DA:1,1
DA:3,1
DA:5,1
LF:3
LH:3
BRF:0
BRH:0
end_of_record
TN:
SF:fetchJSON.js
FN:1,fetchJSON
FNF:1
FNH:1
FNDA:3,fetchJSON
DA:2,3
DA:4,2
DA:5,1
DA:8,1
DA:11,1
LF:5
LH:5
BRDA:4,0,0,1
BRDA:4,0,1,1
BRF:2
BRH:2
end_of_record
TN:
SF:retry.js
FN:1,fetchWithRetry
FNF:1
FNH:1
FNDA:2,fetchWithRetry
DA:2,2
DA:3,2
DA:5,2
DA:6,1
DA:9,1
DA:13,1
LF:6
LH:6
BRDA:1,0,0,0
BRDA:5,1,0,1
BRDA:5,1,1,1
BRF:3
BRH:2
end_of_record
