<?xml version="1.0" encoding="UTF-8"?>
<coverage generated="1788166925676" clover="3.2.0">
  <project timestamp="1788166925676" name="All files">
    <metrics statements="36" coveredstatements="35" conditionals="14" coveredconditionals="13" methods="14" coveredmethods="14" elements="64" coveredelements="62" complexity="0" loc="36" ncloc="36" packages="1" files="1" classes="1"/>
    <file name="utils.js" path="/home/sona.kajal/Training/Week4/Day3/Task-1/utils.js">
      <metrics statements="36" coveredstatements="35" conditionals="14" coveredconditionals="13" methods="14" coveredmethods="14"/>
      <line num="2" count="3" type="cond" truecount="1" falsecount="1"/>
      <line num="3" count="0" type="stmt"/>
      <line num="6" count="3" type="cond" truecount="2" falsecount="0"/>
      <line num="7" count="1" type="stmt"/>
      <line num="10" count="2" type="stmt"/>
      <line num="12" count="2" type="stmt"/>
      <line num="13" count="2" type="stmt"/>
      <line num="16" count="2" type="stmt"/>
      <line num="21" count="3" type="cond" truecount="4" falsecount="0"/>
      <line num="22" count="1" type="stmt"/>
      <line num="25" count="2" type="stmt"/>
      <line num="26" count="2" type="stmt"/>
      <line num="28" count="2" type="stmt"/>
      <line num="29" count="5" type="stmt"/>
      <line num="32" count="2" type="stmt"/>
      <line num="37" count="3" type="cond" truecount="2" falsecount="0"/>
      <line num="38" count="1" type="stmt"/>
      <line num="41" count="2" type="stmt"/>
      <line num="43" count="2" type="stmt"/>
      <line num="44" count="3" type="stmt"/>
      <line num="46" count="3" type="cond" truecount="2" falsecount="0"/>
      <line num="47" count="2" type="stmt"/>
      <line num="50" count="3" type="stmt"/>
      <line num="53" count="2" type="stmt"/>
      <line num="58" count="3" type="stmt"/>
      <line num="59" count="3" type="stmt"/>
      <line num="65" count="3" type="stmt"/>
      <line num="66" count="3" type="stmt"/>
      <line num="72" count="3" type="stmt"/>
      <line num="73" count="4" type="cond" truecount="2" falsecount="0"/>
      <line num="74" count="2" type="stmt"/>
      <line num="77" count="2" type="stmt"/>
      <line num="78" count="2" type="stmt"/>
      <line num="85" count="3" type="stmt"/>
      <line num="86" count="2" type="stmt"/>
      <line num="91" count="1" type="stmt"/>
    </file>
  </project>
</coverage>
