{"/home/sona.kajal/Training/Week4/Day3/Task-1/utils.js": {"path":"/home/sona.kajal/Training/Week4/Day3/Task-1/utils.js","statementMap":{"0":{"start":{"line":2,"column":2},"end":{"line":4,"column":3}},"1":{"start":{"line":3,"column":4},"end":{"line":3,"column":55}},"2":{"start":{"line":6,"column":2},"end":{"line":8,"column":3}},"3":{"start":{"line":7,"column":4},"end":{"line":7,"column":51}},"4":{"start":{"line":10,"column":17},"end":{"line":10,"column":19}},"5":{"start":{"line":12,"column":2},"end":{"line":14,"column":3}},"6":{"start":{"line":12,"column":15},"end":{"line":12,"column":16}},"7":{"start":{"line":13,"column":4},"end":{"line":13,"column":42}},"8":{"start":{"line":16,"column":2},"end":{"line":16,"column":16}},"9":{"start":{"line":21,"column":2},"end":{"line":23,"column":3}},"10":{"start":{"line":22,"column":4},"end":{"line":22,"column":50}},"11":{"start":{"line":25,"column":17},"end":{"line":25,"column":19}},"12":{"start":{"line":26,"column":17},"end":{"line":26,"column":55}},"13":{"start":{"line":28,"column":2},"end":{"line":30,"column":3}},"14":{"start":{"line":28,"column":15},"end":{"line":28,"column":16}},"15":{"start":{"line":29,"column":4},"end":{"line":29,"column":40}},"16":{"start":{"line":32,"column":2},"end":{"line":32,"column":16}},"17":{"start":{"line":37,"column":2},"end":{"line":39,"column":3}},"18":{"start":{"line":38,"column":4},"end":{"line":38,"column":55}},"19":{"start":{"line":41,"column":17},"end":{"line":41,"column":19}},"20":{"start":{"line":43,"column":2},"end":{"line":51,"column":3}},"21":{"start":{"line":44,"column":18},"end":{"line":44,"column":27}},"22":{"start":{"line":46,"column":4},"end":{"line":48,"column":5}},"23":{"start":{"line":47,"column":6},"end":{"line":47,"column":25}},"24":{"start":{"line":50,"column":4},"end":{"line":50,"column":29}},"25":{"start":{"line":53,"column":2},"end":{"line":53,"column":16}},"26":{"start":{"line":58,"column":2},"end":{"line":60,"column":4}},"27":{"start":{"line":59,"column":4},"end":{"line":59,"column":63}},"28":{"start":{"line":59,"column":44},"end":{"line":59,"column":54}},"29":{"start":{"line":65,"column":2},"end":{"line":67,"column":4}},"30":{"start":{"line":66,"column":4},"end":{"line":66,"column":68}},"31":{"start":{"line":66,"column":49},"end":{"line":66,"column":59}},"32":{"start":{"line":72,"column":2},"end":{"line":80,"column":4}},"33":{"start":{"line":73,"column":4},"end":{"line":75,"column":5}},"34":{"start":{"line":74,"column":6},"end":{"line":74,"column":25}},"35":{"start":{"line":77,"column":4},"end":{"line":79,"column":6}},"36":{"start":{"line":78,"column":6},"end":{"line":78,"column":43}},"37":{"start":{"line":85,"column":2},"end":{"line":87,"column":4}},"38":{"start":{"line":86,"column":4},"end":{"line":86,"column":46}},"39":{"start":{"line":91,"column":0},"end":{"line":99,"column":2}}},"fnMap":{"0":{"name":"chunk","decl":{"start":{"line":1,"column":9},"end":{"line":1,"column":14}},"loc":{"start":{"line":1,"column":28},"end":{"line":17,"column":1}},"line":1},"1":{"name":"zip","decl":{"start":{"line":20,"column":9},"end":{"line":20,"column":12}},"loc":{"start":{"line":20,"column":29},"end":{"line":33,"column":1}},"line":20},"2":{"name":"groupBy","decl":{"start":{"line":36,"column":9},"end":{"line":36,"column":16}},"loc":{"start":{"line":36,"column":29},"end":{"line":54,"column":1}},"line":36},"3":{"name":"pipe","decl":{"start":{"line":57,"column":9},"end":{"line":57,"column":13}},"loc":{"start":{"line":57,"column":28},"end":{"line":61,"column":1}},"line":57},"4":{"name":"(anonymous_4)","decl":{"start":{"line":58,"column":9},"end":{"line":58,"column":10}},"loc":{"start":{"line":58,"column":26},"end":{"line":60,"column":3}},"line":58},"5":{"name":"(anonymous_5)","decl":{"start":{"line":59,"column":28},"end":{"line":59,"column":29}},"loc":{"start":{"line":59,"column":44},"end":{"line":59,"column":54}},"line":59},"6":{"name":"compose","decl":{"start":{"line":64,"column":9},"end":{"line":64,"column":16}},"loc":{"start":{"line":64,"column":31},"end":{"line":68,"column":1}},"line":64},"7":{"name":"(anonymous_7)","decl":{"start":{"line":65,"column":9},"end":{"line":65,"column":10}},"loc":{"start":{"line":65,"column":26},"end":{"line":67,"column":3}},"line":65},"8":{"name":"(anonymous_8)","decl":{"start":{"line":66,"column":33},"end":{"line":66,"column":34}},"loc":{"start":{"line":66,"column":49},"end":{"line":66,"column":59}},"line":66},"9":{"name":"curry","decl":{"start":{"line":71,"column":9},"end":{"line":71,"column":14}},"loc":{"start":{"line":71,"column":19},"end":{"line":81,"column":1}},"line":71},"10":{"name":"curried","decl":{"start":{"line":72,"column":18},"end":{"line":72,"column":25}},"loc":{"start":{"line":72,"column":35},"end":{"line":80,"column":3}},"line":72},"11":{"name":"(anonymous_11)","decl":{"start":{"line":77,"column":11},"end":{"line":77,"column":12}},"loc":{"start":{"line":77,"column":34},"end":{"line":79,"column":5}},"line":77},"12":{"name":"partial","decl":{"start":{"line":84,"column":9},"end":{"line":84,"column":16}},"loc":{"start":{"line":84,"column":35},"end":{"line":88,"column":1}},"line":84},"13":{"name":"(anonymous_13)","decl":{"start":{"line":85,"column":9},"end":{"line":85,"column":10}},"loc":{"start":{"line":85,"column":37},"end":{"line":87,"column":3}},"line":85}},"branchMap":{"0":{"loc":{"start":{"line":2,"column":2},"end":{"line":4,"column":3}},"type":"if","locations":[{"start":{"line":2,"column":2},"end":{"line":4,"column":3}},{"start":{},"end":{}}],"line":2},"1":{"loc":{"start":{"line":6,"column":2},"end":{"line":8,"column":3}},"type":"if","locations":[{"start":{"line":6,"column":2},"end":{"line":8,"column":3}},{"start":{},"end":{}}],"line":6},"2":{"loc":{"start":{"line":21,"column":2},"end":{"line":23,"column":3}},"type":"if","locations":[{"start":{"line":21,"column":2},"end":{"line":23,"column":3}},{"start":{},"end":{}}],"line":21},"3":{"loc":{"start":{"line":21,"column":6},"end":{"line":21,"column":54}},"type":"binary-expr","locations":[{"start":{"line":21,"column":6},"end":{"line":21,"column":28}},{"start":{"line":21,"column":32},"end":{"line":21,"column":54}}],"line":21},"4":{"loc":{"start":{"line":37,"column":2},"end":{"line":39,"column":3}},"type":"if","locations":[{"start":{"line":37,"column":2},"end":{"line":39,"column":3}},{"start":{},"end":{}}],"line":37},"5":{"loc":{"start":{"line":46,"column":4},"end":{"line":48,"column":5}},"type":"if","locations":[{"start":{"line":46,"column":4},"end":{"line":48,"column":5}},{"start":{},"end":{}}],"line":46},"6":{"loc":{"start":{"line":73,"column":4},"end":{"line":75,"column":5}},"type":"if","locations":[{"start":{"line":73,"column":4},"end":{"line":75,"column":5}},{"start":{},"end":{}}],"line":73}},"s":{"0":3,"1":0,"2":3,"3":1,"4":2,"5":2,"6":2,"7":2,"8":2,"9":3,"10":1,"11":2,"12":2,"13":2,"14":2,"15":5,"16":2,"17":3,"18":1,"19":2,"20":2,"21":3,"22":3,"23":2,"24":3,"25":2,"26":3,"27":3,"28":3,"29":3,"30":3,"31":3,"32":3,"33":4,"34":2,"35":2,"36":2,"37":3,"38":2,"39":1},"f":{"0":3,"1":3,"2":3,"3":3,"4":3,"5":3,"6":3,"7":3,"8":3,"9":3,"10":4,"11":2,"12":3,"13":2},"b":{"0":[0,3],"1":[1,2],"2":[1,2],"3":[3,2],"4":[1,2],"5":[2,1],"6":[2,2]},"_coverageSchema":"1a1c01bbd47fc00a2c39e90264f33305004495a9","hash":"1a644778a33d143b9608a8237cc9321bd9aa97ad"}
}
