TN:
SF:utils.js
FN:1,chunk
FN:20,zip
FN:36,groupBy
FN:57,pipe
FN:58,(anonymous_4)
FN:59,(anonymous_5)
FN:64,compose
FN:65,(anonymous_7)
FN:66,(anonymous_8)
FN:71,curry
FN:72,curried
FN:77,(anonymous_11)
FN:84,partial
FN:85,(anonymous_13)
FNF:14
FNH:14
FNDA:3,chunk
FNDA:3,zip
FNDA:3,groupBy
FNDA:3,pipe
FNDA:3,(anonymous_4)
FNDA:3,(anonymous_5)
FNDA:3,compose
FNDA:3,(anonymous_7)
FNDA:3,(anonymous_8)
FNDA:3,curry
FNDA:4,curried
FNDA:2,(anonymous_11)
FNDA:3,partial
FNDA:2,(anonymous_13)
DA:2,3
DA:3,0
DA:6,3
DA:7,1
DA:10,2
DA:12,2
DA:13,2
DA:16,2
DA:21,3
DA:22,1
DA:25,2
DA:26,2
DA:28,2
DA:29,5
DA:32,2
DA:37,3
DA:38,1
DA:41,2
DA:43,2
DA:44,3
DA:46,3
DA:47,2
DA:50,3
DA:53,2
DA:58,3
DA:59,3
DA:65,3
DA:66,3
DA:72,3
DA:73,4
DA:74,2
DA:77,2
DA:78,2
DA:85,3
DA:86,2
DA:91,1
LF:36
LH:35
BRDA:2,0,0,0
BRDA:2,0,1,3
BRDA:6,1,0,1
BRDA:6,1,1,2
BRDA:21,2,0,1
BRDA:21,2,1,2
BRDA:21,3,0,3
BRDA:21,3,1,2
BRDA:37,4,0,1
BRDA:37,4,1,2
BRDA:46,5,0,2
BRDA:46,5,1,1
BRDA:73,6,0,2
BRDA:73,6,1,2
BRF:14
BRH:13
end_of_record
